Vivado Simulator 2019.1
Time resolution is 1 ps
Real values: sin=0.000000, cos=0.000000
Real values: sin=0.000000, cos=0.000000
Real values: sin=0.000000, cos=0.000000
Real values: sin=0.000000, cos=0.000000
Real values: sin=0.000000, cos=0.000000
Real values: sin=0.000000, cos=0.000000
Real values: sin=0.000000, cos=0.000000
Real values: sin=0.000000, cos=0.000000
Real values: sin=0.000000, cos=0.000000
Real values: sin=0.000000, cos=0.000000
Real values: sin=0.000000, cos=0.000000
Real values: sin=0.000000, cos=0.000000
Real values: sin=0.000000, cos=0.000000
Real values: sin=0.000000, cos=0.000000
Real values: sin=0.000000, cos=0.000000
Real values: sin=0.000000, cos=0.000000
Real values: sin=0.301758, cos=6.952148
Real values: sin=0.588867, cos=6.856445
Real values: sin=0.884766, cos=6.678711
Real values: sin=1.166016, cos=6.432617
Real values: sin=1.432617, cos=6.131836
Real values: sin=1.693359, cos=5.755859
Real values: sin=1.930664, cos=5.338867
Real values: sin=2.141602, cos=4.874023
Real values: sin=2.346680, cos=4.333984
Real values: sin=2.513672, cos=3.787109
Real values: sin=2.671875, cos=3.158203
Real values: sin=2.791992, cos=2.529297
Real values: sin=2.882812, cos=1.879883
Real values: sin=2.950195, cos=1.189453
Real values: sin=2.991211, cos=0.485352
Real values: sin=2.991211, cos=-0.205078
Real values: sin=-0.005859, cos=7.000000
Real values: sin=0.301758, cos=6.952148
Real values: sin=0.588867, cos=6.856445
Real values: sin=0.884766, cos=6.678711
Real values: sin=1.166016, cos=6.432617
Real values: sin=1.432617, cos=6.131836
Real values: sin=1.693359, cos=5.755859
Real values: sin=1.930664, cos=5.338867
Real values: sin=2.141602, cos=4.874023
Real values: sin=2.346680, cos=4.333984
Real values: sin=2.513672, cos=3.787109
Real values: sin=2.671875, cos=3.158203
Real values: sin=2.791992, cos=2.529297
Real values: sin=2.882812, cos=1.879883
Real values: sin=2.950195, cos=1.189453
Real values: sin=2.991211, cos=0.485352
Real values: sin=2.991211, cos=-0.205078
Real values: sin=-0.005859, cos=7.000000
Real values: sin=0.301758, cos=6.952148
Real values: sin=0.588867, cos=6.856445
Real values: sin=0.884766, cos=6.678711
Real values: sin=1.166016, cos=6.432617
Real values: sin=1.432617, cos=6.131836
Real values: sin=1.693359, cos=5.755859
Real values: sin=1.930664, cos=5.338867
Real values: sin=2.141602, cos=4.874023
Real values: sin=2.346680, cos=4.333984
Real values: sin=2.513672, cos=3.787109
Real values: sin=2.671875, cos=3.158203
Real values: sin=2.791992, cos=2.529297
Real values: sin=2.882812, cos=1.879883
Real values: sin=2.950195, cos=1.189453
Real values: sin=2.991211, cos=0.485352
Real values: sin=2.991211, cos=-0.205078
Real values: sin=-0.005859, cos=7.000000
Real values: sin=0.301758, cos=6.952148
Real values: sin=0.588867, cos=6.856445
Real values: sin=0.884766, cos=6.678711
Real values: sin=1.166016, cos=6.432617
Real values: sin=1.432617, cos=6.131836
Real values: sin=1.693359, cos=5.755859
Real values: sin=1.930664, cos=5.338867
Real values: sin=2.141602, cos=4.874023
Real values: sin=2.346680, cos=4.333984
Real values: sin=2.513672, cos=3.787109
Real values: sin=2.671875, cos=3.158203
Real values: sin=2.791992, cos=2.529297
Real values: sin=2.882812, cos=1.879883
Real values: sin=2.950195, cos=1.189453
Real values: sin=2.991211, cos=0.485352
Real values: sin=2.991211, cos=-0.205078
Real values: sin=-0.005859, cos=7.000000
Real values: sin=0.301758, cos=6.952148
Real values: sin=0.588867, cos=6.856445
Real values: sin=0.884766, cos=6.678711
Real values: sin=1.166016, cos=6.432617
Real values: sin=1.432617, cos=6.131836
Real values: sin=1.693359, cos=5.755859
Real values: sin=1.930664, cos=5.338867
Real values: sin=2.141602, cos=4.874023
Real values: sin=2.346680, cos=4.333984
Real values: sin=2.513672, cos=3.787109
Real values: sin=2.671875, cos=3.158203
Real values: sin=2.791992, cos=2.529297
Real values: sin=2.882812, cos=1.879883
Real values: sin=2.950195, cos=1.189453
Real values: sin=2.991211, cos=0.485352
Real values: sin=2.991211, cos=-0.205078
Real values: sin=-0.005859, cos=7.000000
